Android/scenes/voice/voice_spatial/build/intermediates/manifest_merge_blame_file/debug/manifest-merger-blame-debug-report.txt
1<?xml version="1.0" encoding="utf-8"?>
2<manifest xmlns:android="http://schemas.android.com/apk/res/android"
3    package="io.agora.scene.voice.spatial" >
4
5    <uses-sdk
6        android:minSdkVersion="21"
6-->src/main/AndroidManifest.xml
7        android:targetSdkVersion="30" />
7-->src/main/AndroidManifest.xml
8
9    <uses-permission android:name="android.permission.BLUETOOTH" />
9-->src/main/AndroidManifest.xml:5:5-68
9-->src/main/AndroidManifest.xml:5:22-65
10    <uses-permission android:name="android.permission.WAKE_LOCK" />
10-->src/main/AndroidManifest.xml:6:5-68
10-->src/main/AndroidManifest.xml:6:22-65
11    <!-- 申请闹钟定时权限 -->
12    <uses-permission android:name="android.permission.SCHEDULE_EXACT_ALARM" />
12-->src/main/AndroidManifest.xml:8:5-79
12-->src/main/AndroidManifest.xml:8:22-76
13
14    <application>
14-->src/main/AndroidManifest.xml:10:5-34:19
15        <activity
15-->src/main/AndroidManifest.xml:11:9-17:70
16            android:name="io.agora.scene.voice.spatial.ui.activity.ChatroomLiveActivity"
16-->src/main/AndroidManifest.xml:12:13-61
17            android:exported="false"
17-->src/main/AndroidManifest.xml:13:13-37
18            android:keepScreenOn="true"
18-->src/main/AndroidManifest.xml:14:13-40
19            android:screenOrientation="portrait"
19-->src/main/AndroidManifest.xml:15:13-49
20            android:theme="@style/voice_Theme.AgoraScenesChatroom"
20-->src/main/AndroidManifest.xml:17:13-67
21            android:windowSoftInputMode="adjustNothing" />
21-->src/main/AndroidManifest.xml:16:13-56
22        <activity
22-->src/main/AndroidManifest.xml:19:9-25:55
23            android:name="io.agora.scene.voice.spatial.ui.activity.VoiceRoomListActivity"
23-->src/main/AndroidManifest.xml:20:13-62
24            android:exported="false"
24-->src/main/AndroidManifest.xml:21:13-37
25            android:launchMode="singleTask"
25-->src/main/AndroidManifest.xml:22:13-44
26            android:screenOrientation="portrait"
26-->src/main/AndroidManifest.xml:23:13-49
27            android:theme="@style/voice_Theme.AgoraScenesChatroom"
27-->src/main/AndroidManifest.xml:24:13-67
28            android:windowSoftInputMode="adjustPan" />
28-->src/main/AndroidManifest.xml:25:13-52
29        <activity
29-->src/main/AndroidManifest.xml:27:9-32:55
30            android:name="io.agora.scene.voice.spatial.ui.activity.VoiceRoomCreateActivity"
30-->src/main/AndroidManifest.xml:28:13-64
31            android:exported="false"
31-->src/main/AndroidManifest.xml:29:13-37
32            android:screenOrientation="portrait"
32-->src/main/AndroidManifest.xml:30:13-49
33            android:theme="@style/voice_Theme.AgoraScenesChatroom"
33-->src/main/AndroidManifest.xml:31:13-67
34            android:windowSoftInputMode="adjustPan" />
34-->src/main/AndroidManifest.xml:32:13-52
35    </application>
36
37</manifest>